2023-08-06T17:05:12.874857+0300 DEBUG {'clinics': <QuerySet []>, 'centers': <QuerySet [<Center: Центр first>, <Center: Центр2>, <Center: Центр3>]>, 'users': <QuerySet [<User: +79121233213>, <User: +79123456789>]>}
2023-08-06T17:05:13.201257+0300 SUCCESS /api/search/
2023-08-06T17:05:20.041422+0300 DEBUG {'clinics': <QuerySet []>, 'centers': <QuerySet [<Center: Центр first>, <Center: Центр2>, <Center: Центр3>]>, 'users': <QuerySet [<User: +79121233213>, <User: +79123456789>]>}
2023-08-06T17:05:20.345076+0300 SUCCESS /api/search/
2023-08-06T17:28:16.081765+0300 DEBUG {'clinics': <QuerySet []>, 'centers': <QuerySet [<Center: Центр first>, <Center: Центр2>, <Center: Центр3>]>, 'users': <QuerySet [<User: +79121233213>, <User: +79123456789>]>}
2023-08-06T17:28:16.081765+0300 DEBUG {'clinics': <QuerySet []>, 'centers': <QuerySet [<Center: Центр first>, <Center: Центр2>, <Center: Центр3>]>, 'users': <QuerySet [<User: +79121233213>, <User: +79123456789>]>}
2023-08-06T17:28:16.444871+0300 SUCCESS /api/search/
2023-08-06T17:28:16.444871+0300 SUCCESS /api/search/
2023-08-06T17:28:22.884316+0300 DEBUG {'clinics': <QuerySet []>, 'centers': <QuerySet [<Center: Центр first>, <Center: Центр2>, <Center: Центр3>]>, 'users': <QuerySet [<User: +79121233213>, <User: +79123456789>]>}
2023-08-06T17:28:22.884316+0300 DEBUG {'clinics': <QuerySet []>, 'centers': <QuerySet [<Center: Центр first>, <Center: Центр2>, <Center: Центр3>]>, 'users': <QuerySet [<User: +79121233213>, <User: +79123456789>]>}
2023-08-06T17:28:23.210354+0300 SUCCESS /api/search/
2023-08-06T17:28:23.210354+0300 SUCCESS /api/search/
2023-08-06T18:19:27.078637+0300 SUCCESS /api/search/
2023-08-06T18:19:27.078637+0300 SUCCESS /api/search/
2023-08-06T18:22:33.448476+0300 SUCCESS /api/search/
2023-08-06T18:22:33.448476+0300 SUCCESS /api/search/
2023-08-06T18:24:12.395000+0300 SUCCESS /api/search/
2023-08-06T18:24:12.395000+0300 SUCCESS /api/search/
2023-08-06T18:34:20.075209+0300 SUCCESS /api/search/
2023-08-06T18:34:20.075209+0300 SUCCESS /api/search/
2023-08-06T18:40:19.828834+0300 SUCCESS /api/search/
2023-08-06T18:40:19.828834+0300 SUCCESS /api/search/
2023-08-06T18:40:57.127271+0300 SUCCESS /api/search/
2023-08-06T18:40:57.127271+0300 SUCCESS /api/search/
2023-08-06T18:41:04.028624+0300 SUCCESS /api/search/
2023-08-06T18:41:04.028624+0300 SUCCESS /api/search/
2023-08-06T18:41:25.672564+0300 SUCCESS /api/search/
2023-08-06T18:41:25.672564+0300 SUCCESS /api/search/
2023-08-06T18:44:34.220992+0300 SUCCESS /api/search/
2023-08-06T18:44:34.220992+0300 SUCCESS /api/search/
2023-08-06T18:44:39.131429+0300 SUCCESS /api/search/
2023-08-06T18:44:39.131429+0300 SUCCESS /api/search/
2023-08-06T18:44:44.175380+0300 SUCCESS /api/search/
2023-08-06T18:44:44.175380+0300 SUCCESS /api/search/
2023-08-06T18:45:37.055553+0300 SUCCESS /api/search/
2023-08-06T18:45:37.055553+0300 SUCCESS /api/search/
2023-08-06T18:45:38.038610+0300 SUCCESS /api/search/
2023-08-06T18:45:38.038610+0300 SUCCESS /api/search/
2023-08-06T18:45:39.340882+0300 SUCCESS /api/search/
2023-08-06T18:45:39.340882+0300 SUCCESS /api/search/
2023-08-06T18:46:24.986051+0300 DEBUG {'clinics': <QuerySet [<Clinic: Клиника1>]>, 'centers': <QuerySet [<Center: Центр first>, <Center: Центр2>, <Center: Центр3>]>, 'users': <QuerySet [<User: +79121233213>, <User: +79123456789>]>}
2023-08-06T18:46:24.986051+0300 DEBUG {'clinics': <QuerySet [<Clinic: Клиника1>]>, 'centers': <QuerySet [<Center: Центр first>, <Center: Центр2>, <Center: Центр3>]>, 'users': <QuerySet [<User: +79121233213>, <User: +79123456789>]>}
2023-08-06T18:46:25.303594+0300 SUCCESS /api/search/
2023-08-06T18:46:25.303594+0300 SUCCESS /api/search/
2023-08-06T18:46:31.017334+0300 DEBUG {'clinics': <QuerySet [<Clinic: Клиника1>]>, 'centers': <QuerySet [<Center: Центр first>, <Center: Центр2>, <Center: Центр3>]>, 'users': <QuerySet [<User: +79121233213>, <User: +79123456789>]>}
2023-08-06T18:46:31.017334+0300 DEBUG {'clinics': <QuerySet [<Clinic: Клиника1>]>, 'centers': <QuerySet [<Center: Центр first>, <Center: Центр2>, <Center: Центр3>]>, 'users': <QuerySet [<User: +79121233213>, <User: +79123456789>]>}
2023-08-06T18:46:31.367757+0300 SUCCESS /api/search/
2023-08-06T18:46:31.367757+0300 SUCCESS /api/search/
2023-08-06T18:46:32.476799+0300 DEBUG {'clinics': <QuerySet [<Clinic: Клиника1>]>, 'centers': <QuerySet [<Center: Центр first>, <Center: Центр2>, <Center: Центр3>]>, 'users': <QuerySet [<User: +79121233213>, <User: +79123456789>]>}
2023-08-06T18:46:32.476799+0300 DEBUG {'clinics': <QuerySet [<Clinic: Клиника1>]>, 'centers': <QuerySet [<Center: Центр first>, <Center: Центр2>, <Center: Центр3>]>, 'users': <QuerySet [<User: +79121233213>, <User: +79123456789>]>}
2023-08-06T18:46:32.774726+0300 SUCCESS /api/search/
2023-08-06T18:46:32.774726+0300 SUCCESS /api/search/
2023-08-06T19:01:25.565240+0300 DEBUG {'clinics': <QuerySet [<Clinic: Клиника1>]>, 'centers': <QuerySet [<Center: Центр first>, <Center: Центр2>, <Center: Центр3>]>, 'users': <QuerySet [<User: +79121233213>, <User: +79123456789>]>}
2023-08-06T19:01:25.565240+0300 DEBUG {'clinics': <QuerySet [<Clinic: Клиника1>]>, 'centers': <QuerySet [<Center: Центр first>, <Center: Центр2>, <Center: Центр3>]>, 'users': <QuerySet [<User: +79121233213>, <User: +79123456789>]>}
2023-08-06T19:01:25.878320+0300 SUCCESS /api/search/
2023-08-06T19:01:25.878320+0300 SUCCESS /api/search/
2023-08-06T19:01:26.415175+0300 DEBUG {'clinics': <QuerySet [<Clinic: Клиника1>]>, 'centers': <QuerySet [<Center: Центр first>, <Center: Центр2>, <Center: Центр3>]>, 'users': <QuerySet [<User: +79121233213>, <User: +79123456789>]>}
2023-08-06T19:01:26.415175+0300 DEBUG {'clinics': <QuerySet [<Clinic: Клиника1>]>, 'centers': <QuerySet [<Center: Центр first>, <Center: Центр2>, <Center: Центр3>]>, 'users': <QuerySet [<User: +79121233213>, <User: +79123456789>]>}
2023-08-06T19:01:26.718296+0300 SUCCESS /api/search/
2023-08-06T19:01:26.718296+0300 SUCCESS /api/search/
2023-08-06T19:01:27.765031+0300 DEBUG {'clinics': <QuerySet [<Clinic: Клиника1>]>, 'centers': <QuerySet [<Center: Центр first>, <Center: Центр2>, <Center: Центр3>]>, 'users': <QuerySet [<User: +79121233213>, <User: +79123456789>]>}
2023-08-06T19:01:27.765031+0300 DEBUG {'clinics': <QuerySet [<Clinic: Клиника1>]>, 'centers': <QuerySet [<Center: Центр first>, <Center: Центр2>, <Center: Центр3>]>, 'users': <QuerySet [<User: +79121233213>, <User: +79123456789>]>}
2023-08-06T19:01:28.124307+0300 SUCCESS /api/search/
2023-08-06T19:01:28.124307+0300 SUCCESS /api/search/
2023-08-06T19:10:49.509438+0300 DEBUG {'clinics': <QuerySet [<Clinic: Клиника1>]>, 'centers': <QuerySet [<Center: Центр first>, <Center: Центр2>, <Center: Центр3>]>, 'users': <QuerySet [<User: +79121233213>, <User: +79123456789>]>}
2023-08-06T19:10:49.509438+0300 DEBUG {'clinics': <QuerySet [<Clinic: Клиника1>]>, 'centers': <QuerySet [<Center: Центр first>, <Center: Центр2>, <Center: Центр3>]>, 'users': <QuerySet [<User: +79121233213>, <User: +79123456789>]>}
2023-08-06T19:10:49.813823+0300 SUCCESS /api/search/
2023-08-06T19:10:49.813823+0300 SUCCESS /api/search/
2023-08-06T19:13:49.050407+0300 DEBUG {'clinics': <QuerySet [<Clinic: Клиника1>]>, 'centers': <QuerySet [<Center: Центр first>, <Center: Центр2>, <Center: Центр3>]>, 'users': <QuerySet [<User: +79121233213>, <User: +79123456789>]>}
2023-08-06T19:13:49.050407+0300 DEBUG {'clinics': <QuerySet [<Clinic: Клиника1>]>, 'centers': <QuerySet [<Center: Центр first>, <Center: Центр2>, <Center: Центр3>]>, 'users': <QuerySet [<User: +79121233213>, <User: +79123456789>]>}
2023-08-06T19:13:49.355792+0300 SUCCESS /api/search/
2023-08-06T19:13:49.355792+0300 SUCCESS /api/search/
2023-08-06T19:18:58.800486+0300 DEBUG {'clinics': <QuerySet []>, 'centers': <QuerySet []>, 'users': <QuerySet []>}
2023-08-06T19:18:58.800486+0300 DEBUG {'clinics': <QuerySet []>, 'centers': <QuerySet []>, 'users': <QuerySet []>}
2023-08-06T19:18:58.803260+0300 SUCCESS /api/search/
2023-08-06T19:18:58.803260+0300 SUCCESS /api/search/
2023-08-06T19:18:59.617784+0300 DEBUG {'clinics': <QuerySet []>, 'centers': <QuerySet []>, 'users': <QuerySet []>}
2023-08-06T19:18:59.617784+0300 DEBUG {'clinics': <QuerySet []>, 'centers': <QuerySet []>, 'users': <QuerySet []>}
2023-08-06T19:18:59.619567+0300 SUCCESS /api/search/
2023-08-06T19:18:59.619567+0300 SUCCESS /api/search/
2023-08-06T19:19:00.304290+0300 DEBUG {'clinics': <QuerySet []>, 'centers': <QuerySet []>, 'users': <QuerySet []>}
2023-08-06T19:19:00.304290+0300 DEBUG {'clinics': <QuerySet []>, 'centers': <QuerySet []>, 'users': <QuerySet []>}
2023-08-06T19:19:00.306098+0300 SUCCESS /api/search/
2023-08-06T19:19:00.306098+0300 SUCCESS /api/search/
2023-08-06T19:19:00.919559+0300 DEBUG {'clinics': <QuerySet []>, 'centers': <QuerySet []>, 'users': <QuerySet []>}
2023-08-06T19:19:00.919559+0300 DEBUG {'clinics': <QuerySet []>, 'centers': <QuerySet []>, 'users': <QuerySet []>}
2023-08-06T19:19:00.921928+0300 SUCCESS /api/search/
2023-08-06T19:19:00.921928+0300 SUCCESS /api/search/
2023-08-06T19:19:01.343114+0300 DEBUG {'clinics': <QuerySet []>, 'centers': <QuerySet []>, 'users': <QuerySet []>}
2023-08-06T19:19:01.343114+0300 DEBUG {'clinics': <QuerySet []>, 'centers': <QuerySet []>, 'users': <QuerySet []>}
2023-08-06T19:19:01.345021+0300 SUCCESS /api/search/
2023-08-06T19:19:01.345021+0300 SUCCESS /api/search/
2023-08-06T19:19:01.765498+0300 DEBUG {'clinics': <QuerySet []>, 'centers': <QuerySet []>, 'users': <QuerySet []>}
2023-08-06T19:19:01.765498+0300 DEBUG {'clinics': <QuerySet []>, 'centers': <QuerySet []>, 'users': <QuerySet []>}
2023-08-06T19:19:01.767221+0300 SUCCESS /api/search/
2023-08-06T19:19:01.767221+0300 SUCCESS /api/search/
2023-08-06T19:19:02.350922+0300 DEBUG {'clinics': <QuerySet []>, 'centers': <QuerySet []>, 'users': <QuerySet []>}
2023-08-06T19:19:02.350922+0300 DEBUG {'clinics': <QuerySet []>, 'centers': <QuerySet []>, 'users': <QuerySet []>}
2023-08-06T19:19:02.352554+0300 SUCCESS /api/search/
2023-08-06T19:19:02.352554+0300 SUCCESS /api/search/
2023-08-06T19:19:03.144139+0300 DEBUG {'clinics': <QuerySet []>, 'centers': <QuerySet []>, 'users': <QuerySet []>}
2023-08-06T19:19:03.144139+0300 DEBUG {'clinics': <QuerySet []>, 'centers': <QuerySet []>, 'users': <QuerySet []>}
2023-08-06T19:19:03.146187+0300 SUCCESS /api/search/
2023-08-06T19:19:03.146187+0300 SUCCESS /api/search/
2023-08-06T19:19:03.519309+0300 DEBUG {'clinics': <QuerySet []>, 'centers': <QuerySet []>, 'users': <QuerySet []>}
2023-08-06T19:19:03.519309+0300 DEBUG {'clinics': <QuerySet []>, 'centers': <QuerySet []>, 'users': <QuerySet []>}
2023-08-06T19:19:03.520980+0300 SUCCESS /api/search/
2023-08-06T19:19:03.520980+0300 SUCCESS /api/search/
2023-08-06T19:19:03.907069+0300 DEBUG {'clinics': <QuerySet []>, 'centers': <QuerySet []>, 'users': <QuerySet []>}
2023-08-06T19:19:03.907069+0300 DEBUG {'clinics': <QuerySet []>, 'centers': <QuerySet []>, 'users': <QuerySet []>}
2023-08-06T19:19:03.908883+0300 SUCCESS /api/search/
2023-08-06T19:19:03.908883+0300 SUCCESS /api/search/
2023-08-06T19:19:57.144680+0300 DEBUG {'clinics': <QuerySet [<Clinic: Клиника1>]>, 'centers': <QuerySet [<Center: Центр first>, <Center: Центр2>, <Center: Центр3>]>, 'users': <QuerySet [<User: +79121233213>, <User: +79123456789>]>}
2023-08-06T19:19:57.144680+0300 DEBUG {'clinics': <QuerySet [<Clinic: Клиника1>]>, 'centers': <QuerySet [<Center: Центр first>, <Center: Центр2>, <Center: Центр3>]>, 'users': <QuerySet [<User: +79121233213>, <User: +79123456789>]>}
2023-08-06T19:19:57.454725+0300 SUCCESS /api/search/
2023-08-06T19:19:57.454725+0300 SUCCESS /api/search/
2023-08-06T19:19:59.687131+0300 DEBUG {'clinics': <QuerySet [<Clinic: Клиника1>]>, 'centers': <QuerySet [<Center: Центр first>, <Center: Центр2>, <Center: Центр3>]>, 'users': <QuerySet [<User: +79121233213>, <User: +79123456789>]>}
2023-08-06T19:19:59.687131+0300 DEBUG {'clinics': <QuerySet [<Clinic: Клиника1>]>, 'centers': <QuerySet [<Center: Центр first>, <Center: Центр2>, <Center: Центр3>]>, 'users': <QuerySet [<User: +79121233213>, <User: +79123456789>]>}
2023-08-06T19:20:00.045338+0300 SUCCESS /api/search/
2023-08-06T19:20:00.045338+0300 SUCCESS /api/search/
2023-08-06T19:20:01.187985+0300 DEBUG {'clinics': <QuerySet [<Clinic: Клиника1>]>, 'centers': <QuerySet [<Center: Центр first>, <Center: Центр2>, <Center: Центр3>]>, 'users': <QuerySet [<User: +79121233213>, <User: +79123456789>]>}
2023-08-06T19:20:01.187985+0300 DEBUG {'clinics': <QuerySet [<Clinic: Клиника1>]>, 'centers': <QuerySet [<Center: Центр first>, <Center: Центр2>, <Center: Центр3>]>, 'users': <QuerySet [<User: +79121233213>, <User: +79123456789>]>}
2023-08-06T19:20:01.487515+0300 SUCCESS /api/search/
2023-08-06T19:20:01.487515+0300 SUCCESS /api/search/
2023-08-06T20:03:15.491732+0300 DEBUG <QuerySet [<Note: test_title221 - +79999999900>, <Note: test - +79999999900>, <Note: test - +79999999900>, <Note: test - +79999999900>, <Note: test - +79999999900>, <Note: test - +79999999900>, <Note: test - +79999999900>, <Note: test - +79999999900>, <Note: test - +79999999900>, <Note: viewset - +79999999900>, <Note: viewset - +79999999900>, <Note: viewset - +79999999900>, <Note: viewse - +79999999900>, <Note: viewse - +79999999900>, <Note: viewse - +79999999900>, <Note: viewse - +79999999900>, <Note: viewse - +79999999900>, <Note: viewse - +79999999900>, <Note: viewse - +79999999900>, <Note: viewse - +79999999900>, '...(remaining elements truncated)...']>
2023-08-06T20:03:15.491732+0300 DEBUG <QuerySet [<Note: test_title221 - +79999999900>, <Note: test - +79999999900>, <Note: test - +79999999900>, <Note: test - +79999999900>, <Note: test - +79999999900>, <Note: test - +79999999900>, <Note: test - +79999999900>, <Note: test - +79999999900>, <Note: test - +79999999900>, <Note: viewset - +79999999900>, <Note: viewset - +79999999900>, <Note: viewset - +79999999900>, <Note: viewse - +79999999900>, <Note: viewse - +79999999900>, <Note: viewse - +79999999900>, <Note: viewse - +79999999900>, <Note: viewse - +79999999900>, <Note: viewse - +79999999900>, <Note: viewse - +79999999900>, <Note: viewse - +79999999900>, '...(remaining elements truncated)...']>
2023-08-06T20:03:16.043057+0300 SUCCESS /api/notes/
2023-08-06T20:03:16.043057+0300 SUCCESS /api/notes/
2023-08-06T20:05:42.397485+0300 DEBUG <QuerySet [<Note: test_title221 - +79999999900>, <Note: test - +79999999900>, <Note: test - +79999999900>, <Note: test - +79999999900>, <Note: test - +79999999900>, <Note: test - +79999999900>, <Note: test - +79999999900>, <Note: test - +79999999900>, <Note: test - +79999999900>, <Note: viewset - +79999999900>, <Note: viewset - +79999999900>, <Note: viewset - +79999999900>, <Note: viewse - +79999999900>, <Note: viewse - +79999999900>, <Note: viewse - +79999999900>, <Note: viewse - +79999999900>, <Note: viewse - +79999999900>, <Note: viewse - +79999999900>, <Note: viewse - +79999999900>, <Note: viewse - +79999999900>, '...(remaining elements truncated)...']>
2023-08-06T20:05:42.397485+0300 DEBUG <QuerySet [<Note: test_title221 - +79999999900>, <Note: test - +79999999900>, <Note: test - +79999999900>, <Note: test - +79999999900>, <Note: test - +79999999900>, <Note: test - +79999999900>, <Note: test - +79999999900>, <Note: test - +79999999900>, <Note: test - +79999999900>, <Note: viewset - +79999999900>, <Note: viewset - +79999999900>, <Note: viewset - +79999999900>, <Note: viewse - +79999999900>, <Note: viewse - +79999999900>, <Note: viewse - +79999999900>, <Note: viewse - +79999999900>, <Note: viewse - +79999999900>, <Note: viewse - +79999999900>, <Note: viewse - +79999999900>, <Note: viewse - +79999999900>, '...(remaining elements truncated)...']>
2023-08-06T20:05:43.080764+0300 SUCCESS /api/notes/
2023-08-06T20:05:43.080764+0300 SUCCESS /api/notes/
2023-08-06T20:17:01.586978+0300 DEBUG <QuerySet [<Note: test_title221 - +79999999900>, <Note: test - +79999999900>, <Note: test - +79999999900>, <Note: test - +79999999900>, <Note: test - +79999999900>, <Note: test - +79999999900>, <Note: test - +79999999900>, <Note: test - +79999999900>, <Note: test - +79999999900>, <Note: viewset - +79999999900>, <Note: viewset - +79999999900>, <Note: viewset - +79999999900>, <Note: viewse - +79999999900>, <Note: viewse - +79999999900>, <Note: viewse - +79999999900>, <Note: viewse - +79999999900>, <Note: viewse - +79999999900>, <Note: viewse - +79999999900>, <Note: viewse - +79999999900>, <Note: viewse - +79999999900>, '...(remaining elements truncated)...']>
2023-08-06T20:17:01.586978+0300 DEBUG <QuerySet [<Note: test_title221 - +79999999900>, <Note: test - +79999999900>, <Note: test - +79999999900>, <Note: test - +79999999900>, <Note: test - +79999999900>, <Note: test - +79999999900>, <Note: test - +79999999900>, <Note: test - +79999999900>, <Note: test - +79999999900>, <Note: viewset - +79999999900>, <Note: viewset - +79999999900>, <Note: viewset - +79999999900>, <Note: viewse - +79999999900>, <Note: viewse - +79999999900>, <Note: viewse - +79999999900>, <Note: viewse - +79999999900>, <Note: viewse - +79999999900>, <Note: viewse - +79999999900>, <Note: viewse - +79999999900>, <Note: viewse - +79999999900>, '...(remaining elements truncated)...']>
2023-08-06T20:17:02.261196+0300 SUCCESS /api/notes/
2023-08-06T20:17:02.261196+0300 SUCCESS /api/notes/
